2023/01/24 18:16:05 [notice] 1#1: using the "epoll" event method
2023/01/24 18:16:05 [notice] 1#1: nginx/1.23.3
2023/01/24 18:16:05 [notice] 1#1: built by gcc 10.2.1 20210110 (Debian 10.2.1-6) 
2023/01/24 18:16:05 [notice] 1#1: OS: Linux 5.10.0-19-amd64
2023/01/24 18:16:05 [notice] 1#1: getrlimit(RLIMIT_NOFILE): 1048576:1048576
2023/01/24 18:16:05 [notice] 1#1: start worker processes
2023/01/24 18:16:05 [notice] 1#1: start worker process 30
2023/01/24 18:16:05 [notice] 1#1: start worker process 31
2023/01/24 18:16:30 [notice] 1#1: signal 3 (SIGQUIT) received, shutting down
2023/01/24 18:16:30 [notice] 31#31: gracefully shutting down
2023/01/24 18:16:30 [notice] 31#31: exiting
2023/01/24 18:16:30 [notice] 31#31: exit
2023/01/24 18:16:30 [notice] 30#30: gracefully shutting down
2023/01/24 18:16:30 [notice] 30#30: exiting
2023/01/24 18:16:30 [notice] 30#30: exit
2023/01/24 18:16:30 [notice] 1#1: signal 17 (SIGCHLD) received from 31
2023/01/24 18:16:30 [notice] 1#1: worker process 31 exited with code 0
2023/01/24 18:16:30 [notice] 1#1: signal 29 (SIGIO) received
2023/01/24 18:16:30 [notice] 1#1: signal 17 (SIGCHLD) received from 30
2023/01/24 18:16:30 [notice] 1#1: worker process 30 exited with code 0
2023/01/24 18:16:30 [notice] 1#1: exit
2023/01/24 18:17:20 [notice] 1#1: using the "epoll" event method
2023/01/24 18:17:20 [notice] 1#1: nginx/1.23.3
2023/01/24 18:17:20 [notice] 1#1: built by gcc 10.2.1 20210110 (Debian 10.2.1-6) 
2023/01/24 18:17:20 [notice] 1#1: OS: Linux 5.10.0-19-amd64
2023/01/24 18:17:20 [notice] 1#1: getrlimit(RLIMIT_NOFILE): 1048576:1048576
2023/01/24 18:17:20 [notice] 1#1: start worker processes
2023/01/24 18:17:20 [notice] 1#1: start worker process 30
2023/01/24 18:17:20 [notice] 1#1: start worker process 31
2023/01/24 18:17:24 [notice] 1#1: signal 3 (SIGQUIT) received, shutting down
2023/01/24 18:17:24 [notice] 31#31: gracefully shutting down
2023/01/24 18:17:24 [notice] 31#31: exiting
2023/01/24 18:17:24 [notice] 31#31: exit
2023/01/24 18:17:24 [notice] 30#30: gracefully shutting down
2023/01/24 18:17:24 [notice] 30#30: exiting
2023/01/24 18:17:24 [notice] 30#30: exit
2023/01/24 18:17:24 [notice] 1#1: signal 17 (SIGCHLD) received from 31
2023/01/24 18:17:24 [notice] 1#1: worker process 31 exited with code 0
2023/01/24 18:17:24 [notice] 1#1: signal 29 (SIGIO) received
2023/01/24 18:17:24 [notice] 1#1: signal 17 (SIGCHLD) received from 30
2023/01/24 18:17:24 [notice] 1#1: worker process 30 exited with code 0
2023/01/24 18:17:24 [notice] 1#1: exit
2023/01/24 18:19:00 [notice] 1#1: using the "epoll" event method
2023/01/24 18:19:00 [notice] 1#1: nginx/1.23.3
2023/01/24 18:19:00 [notice] 1#1: built by gcc 10.2.1 20210110 (Debian 10.2.1-6) 
2023/01/24 18:19:00 [notice] 1#1: OS: Linux 5.10.0-19-amd64
2023/01/24 18:19:00 [notice] 1#1: getrlimit(RLIMIT_NOFILE): 1048576:1048576
2023/01/24 18:19:00 [notice] 1#1: start worker processes
2023/01/24 18:19:00 [notice] 1#1: start worker process 30
2023/01/24 18:19:00 [notice] 1#1: start worker process 31
2023/01/24 18:19:05 [notice] 1#1: signal 3 (SIGQUIT) received, shutting down
2023/01/24 18:19:05 [notice] 30#30: gracefully shutting down
2023/01/24 18:19:05 [notice] 31#31: gracefully shutting down
2023/01/24 18:19:05 [notice] 30#30: exiting
2023/01/24 18:19:05 [notice] 31#31: exiting
2023/01/24 18:19:05 [notice] 30#30: exit
2023/01/24 18:19:05 [notice] 31#31: exit
2023/01/24 18:19:05 [notice] 1#1: signal 17 (SIGCHLD) received from 30
2023/01/24 18:19:05 [notice] 1#1: worker process 30 exited with code 0
2023/01/24 18:19:05 [notice] 1#1: worker process 31 exited with code 0
2023/01/24 18:19:05 [notice] 1#1: exit
2023/01/24 18:19:53 [notice] 1#1: using the "epoll" event method
2023/01/24 18:19:53 [notice] 1#1: nginx/1.23.3
2023/01/24 18:19:53 [notice] 1#1: built by gcc 10.2.1 20210110 (Debian 10.2.1-6) 
2023/01/24 18:19:53 [notice] 1#1: OS: Linux 5.10.0-19-amd64
2023/01/24 18:19:53 [notice] 1#1: getrlimit(RLIMIT_NOFILE): 1048576:1048576
2023/01/24 18:19:53 [notice] 1#1: start worker processes
2023/01/24 18:19:53 [notice] 1#1: start worker process 30
2023/01/24 18:19:53 [notice] 1#1: start worker process 31
2023/01/24 18:31:50 [notice] 1#1: signal 3 (SIGQUIT) received, shutting down
2023/01/24 18:31:50 [notice] 31#31: gracefully shutting down
2023/01/24 18:31:50 [notice] 31#31: exiting
2023/01/24 18:31:50 [notice] 30#30: gracefully shutting down
2023/01/24 18:31:50 [notice] 30#30: exiting
2023/01/24 18:31:50 [notice] 30#30: exit
2023/01/24 18:31:50 [notice] 31#31: exit
2023/01/24 18:31:50 [notice] 1#1: signal 17 (SIGCHLD) received from 31
2023/01/24 18:31:50 [notice] 1#1: worker process 31 exited with code 0
2023/01/24 18:31:50 [notice] 1#1: signal 29 (SIGIO) received
2023/01/24 18:31:50 [notice] 1#1: signal 17 (SIGCHLD) received from 30
2023/01/24 18:31:50 [notice] 1#1: worker process 30 exited with code 0
2023/01/24 18:31:50 [notice] 1#1: exit
2023/01/24 18:33:15 [notice] 1#1: using the "epoll" event method
2023/01/24 18:33:15 [notice] 1#1: nginx/1.23.3
2023/01/24 18:33:15 [notice] 1#1: built by gcc 10.2.1 20210110 (Debian 10.2.1-6) 
2023/01/24 18:33:15 [notice] 1#1: OS: Linux 5.10.0-19-amd64
2023/01/24 18:33:15 [notice] 1#1: getrlimit(RLIMIT_NOFILE): 1048576:1048576
2023/01/24 18:33:15 [notice] 1#1: start worker processes
2023/01/24 18:33:15 [notice] 1#1: start worker process 29
2023/01/24 18:33:15 [notice] 1#1: start worker process 30
2023/01/24 18:34:09 [notice] 1#1: signal 3 (SIGQUIT) received, shutting down
2023/01/24 18:34:09 [notice] 30#30: gracefully shutting down
2023/01/24 18:34:09 [notice] 30#30: exiting
2023/01/24 18:34:09 [notice] 29#29: gracefully shutting down
2023/01/24 18:34:09 [notice] 29#29: exiting
2023/01/24 18:34:09 [notice] 29#29: exit
2023/01/24 18:34:09 [notice] 30#30: exit
2023/01/24 18:34:09 [notice] 1#1: signal 17 (SIGCHLD) received from 29
2023/01/24 18:34:09 [notice] 1#1: worker process 29 exited with code 0
2023/01/24 18:34:09 [notice] 1#1: signal 29 (SIGIO) received
2023/01/24 18:34:09 [notice] 1#1: signal 17 (SIGCHLD) received from 30
2023/01/24 18:34:09 [notice] 1#1: worker process 30 exited with code 0
2023/01/24 18:34:09 [notice] 1#1: exit
2023/01/24 18:34:19 [notice] 1#1: using the "epoll" event method
2023/01/24 18:34:19 [notice] 1#1: nginx/1.23.3
2023/01/24 18:34:19 [notice] 1#1: built by gcc 10.2.1 20210110 (Debian 10.2.1-6) 
2023/01/24 18:34:19 [notice] 1#1: OS: Linux 5.10.0-19-amd64
2023/01/24 18:34:19 [notice] 1#1: getrlimit(RLIMIT_NOFILE): 1048576:1048576
2023/01/24 18:34:19 [notice] 1#1: start worker processes
2023/01/24 18:34:19 [notice] 1#1: start worker process 29
2023/01/24 18:34:19 [notice] 1#1: start worker process 30
2023/01/24 18:34:25 [notice] 1#1: signal 3 (SIGQUIT) received, shutting down
2023/01/24 18:34:25 [notice] 29#29: gracefully shutting down
2023/01/24 18:34:25 [notice] 29#29: exiting
2023/01/24 18:34:25 [notice] 30#30: gracefully shutting down
2023/01/24 18:34:25 [notice] 30#30: exiting
2023/01/24 18:34:25 [notice] 29#29: exit
2023/01/24 18:34:25 [notice] 30#30: exit
2023/01/24 18:34:25 [notice] 1#1: signal 17 (SIGCHLD) received from 30
2023/01/24 18:34:25 [notice] 1#1: worker process 30 exited with code 0
2023/01/24 18:34:25 [notice] 1#1: signal 29 (SIGIO) received
2023/01/24 18:34:25 [notice] 1#1: signal 17 (SIGCHLD) received from 29
2023/01/24 18:34:25 [notice] 1#1: worker process 29 exited with code 0
2023/01/24 18:34:25 [notice] 1#1: exit
2023/01/24 18:36:46 [notice] 1#1: using the "epoll" event method
2023/01/24 18:36:46 [notice] 1#1: nginx/1.23.3
2023/01/24 18:36:46 [notice] 1#1: built by gcc 10.2.1 20210110 (Debian 10.2.1-6) 
2023/01/24 18:36:46 [notice] 1#1: OS: Linux 5.10.0-19-amd64
2023/01/24 18:36:46 [notice] 1#1: getrlimit(RLIMIT_NOFILE): 1048576:1048576
2023/01/24 18:36:46 [notice] 1#1: start worker processes
2023/01/24 18:36:46 [notice] 1#1: start worker process 30
2023/01/24 18:36:46 [notice] 1#1: start worker process 31
2023/01/24 18:40:55 [notice] 1#1: signal 3 (SIGQUIT) received, shutting down
2023/01/24 18:40:55 [notice] 31#31: gracefully shutting down
2023/01/24 18:40:55 [notice] 31#31: exiting
2023/01/24 18:40:55 [notice] 31#31: exit
2023/01/24 18:40:55 [notice] 30#30: gracefully shutting down
2023/01/24 18:40:55 [notice] 30#30: exiting
2023/01/24 18:40:55 [notice] 30#30: exit
2023/01/24 18:40:55 [notice] 1#1: signal 17 (SIGCHLD) received from 31
2023/01/24 18:40:55 [notice] 1#1: worker process 31 exited with code 0
2023/01/24 18:40:55 [notice] 1#1: signal 29 (SIGIO) received
2023/01/24 18:40:55 [notice] 1#1: signal 17 (SIGCHLD) received from 30
2023/01/24 18:40:55 [notice] 1#1: worker process 30 exited with code 0
2023/01/24 18:40:55 [notice] 1#1: exit
2023/01/24 18:41:25 [notice] 1#1: using the "epoll" event method
2023/01/24 18:41:25 [notice] 1#1: nginx/1.23.3
2023/01/24 18:41:25 [notice] 1#1: built by gcc 10.2.1 20210110 (Debian 10.2.1-6) 
2023/01/24 18:41:25 [notice] 1#1: OS: Linux 5.10.0-19-amd64
2023/01/24 18:41:25 [notice] 1#1: getrlimit(RLIMIT_NOFILE): 1048576:1048576
2023/01/24 18:41:25 [notice] 1#1: start worker processes
2023/01/24 18:41:25 [notice] 1#1: start worker process 29
2023/01/24 18:41:25 [notice] 1#1: start worker process 30
2023/01/24 18:41:30 [notice] 1#1: signal 3 (SIGQUIT) received, shutting down
2023/01/24 18:41:30 [notice] 29#29: gracefully shutting down
2023/01/24 18:41:30 [notice] 29#29: exiting
2023/01/24 18:41:30 [notice] 29#29: exit
2023/01/24 18:41:30 [notice] 30#30: gracefully shutting down
2023/01/24 18:41:30 [notice] 30#30: exiting
2023/01/24 18:41:30 [notice] 30#30: exit
2023/01/24 18:41:30 [notice] 1#1: signal 17 (SIGCHLD) received from 29
2023/01/24 18:41:30 [notice] 1#1: worker process 29 exited with code 0
2023/01/24 18:41:30 [notice] 1#1: signal 29 (SIGIO) received
2023/01/24 18:41:30 [notice] 1#1: signal 17 (SIGCHLD) received from 30
2023/01/24 18:41:30 [notice] 1#1: worker process 30 exited with code 0
2023/01/24 18:41:30 [notice] 1#1: exit
2023/01/24 18:41:47 [notice] 1#1: using the "epoll" event method
2023/01/24 18:41:47 [notice] 1#1: nginx/1.23.3
2023/01/24 18:41:47 [notice] 1#1: built by gcc 10.2.1 20210110 (Debian 10.2.1-6) 
2023/01/24 18:41:47 [notice] 1#1: OS: Linux 5.10.0-19-amd64
2023/01/24 18:41:47 [notice] 1#1: getrlimit(RLIMIT_NOFILE): 1048576:1048576
2023/01/24 18:41:47 [notice] 1#1: start worker processes
2023/01/24 18:41:47 [notice] 1#1: start worker process 29
2023/01/24 18:41:47 [notice] 1#1: start worker process 30
2023/01/24 18:42:05 [notice] 1#1: signal 3 (SIGQUIT) received, shutting down
2023/01/24 18:42:05 [notice] 29#29: gracefully shutting down
2023/01/24 18:42:05 [notice] 29#29: exiting
2023/01/24 18:42:05 [notice] 29#29: exit
2023/01/24 18:42:05 [notice] 30#30: gracefully shutting down
2023/01/24 18:42:05 [notice] 30#30: exiting
2023/01/24 18:42:05 [notice] 30#30: exit
2023/01/24 18:42:05 [notice] 1#1: signal 17 (SIGCHLD) received from 30
2023/01/24 18:42:05 [notice] 1#1: worker process 30 exited with code 0
2023/01/24 18:42:05 [notice] 1#1: signal 17 (SIGCHLD) received from 29
2023/01/24 18:42:05 [notice] 1#1: worker process 29 exited with code 0
2023/01/24 18:42:05 [notice] 1#1: exit
2023/01/24 18:43:35 [notice] 1#1: using the "epoll" event method
2023/01/24 18:43:35 [notice] 1#1: nginx/1.23.3
2023/01/24 18:43:35 [notice] 1#1: built by gcc 10.2.1 20210110 (Debian 10.2.1-6) 
2023/01/24 18:43:35 [notice] 1#1: OS: Linux 5.10.0-19-amd64
2023/01/24 18:43:35 [notice] 1#1: getrlimit(RLIMIT_NOFILE): 1048576:1048576
2023/01/24 18:43:35 [notice] 1#1: start worker processes
2023/01/24 18:43:35 [notice] 1#1: start worker process 30
2023/01/24 18:43:35 [notice] 1#1: start worker process 31
2023/01/24 18:55:00 [notice] 1#1: signal 3 (SIGQUIT) received, shutting down
2023/01/24 18:55:00 [notice] 31#31: gracefully shutting down
2023/01/24 18:55:00 [notice] 31#31: exiting
2023/01/24 18:55:00 [notice] 31#31: exit
2023/01/24 18:55:00 [notice] 30#30: gracefully shutting down
2023/01/24 18:55:00 [notice] 30#30: exiting
2023/01/24 18:55:00 [notice] 30#30: exit
2023/01/24 18:55:00 [notice] 1#1: signal 17 (SIGCHLD) received from 31
2023/01/24 18:55:00 [notice] 1#1: worker process 31 exited with code 0
2023/01/24 18:55:00 [notice] 1#1: signal 29 (SIGIO) received
2023/01/24 18:55:00 [notice] 1#1: signal 17 (SIGCHLD) received from 30
2023/01/24 18:55:00 [notice] 1#1: worker process 30 exited with code 0
2023/01/24 18:55:00 [notice] 1#1: exit
2023/01/24 19:15:12 [notice] 1#1: using the "epoll" event method
2023/01/24 19:15:12 [notice] 1#1: nginx/1.23.3
2023/01/24 19:15:12 [notice] 1#1: built by gcc 10.2.1 20210110 (Debian 10.2.1-6) 
2023/01/24 19:15:12 [notice] 1#1: OS: Linux 5.10.0-19-amd64
2023/01/24 19:15:12 [notice] 1#1: getrlimit(RLIMIT_NOFILE): 1048576:1048576
2023/01/24 19:15:12 [notice] 1#1: start worker processes
2023/01/24 19:15:12 [notice] 1#1: start worker process 29
2023/01/24 19:15:12 [notice] 1#1: start worker process 30
2023/01/24 19:17:50 [notice] 1#1: signal 3 (SIGQUIT) received, shutting down
2023/01/24 19:17:50 [notice] 29#29: gracefully shutting down
2023/01/24 19:17:50 [notice] 29#29: exiting
2023/01/24 19:17:50 [notice] 30#30: gracefully shutting down
2023/01/24 19:17:50 [notice] 29#29: exit
2023/01/24 19:17:50 [notice] 30#30: exiting
2023/01/24 19:17:50 [notice] 30#30: exit
2023/01/24 19:17:50 [notice] 1#1: signal 17 (SIGCHLD) received from 30
2023/01/24 19:17:50 [notice] 1#1: worker process 30 exited with code 0
2023/01/24 19:17:50 [notice] 1#1: signal 29 (SIGIO) received
2023/01/24 19:17:50 [notice] 1#1: signal 17 (SIGCHLD) received from 29
2023/01/24 19:17:50 [notice] 1#1: worker process 29 exited with code 0
2023/01/24 19:17:50 [notice] 1#1: exit
2023/01/24 19:19:17 [notice] 1#1: using the "epoll" event method
2023/01/24 19:19:17 [notice] 1#1: nginx/1.23.3
2023/01/24 19:19:17 [notice] 1#1: built by gcc 10.2.1 20210110 (Debian 10.2.1-6) 
2023/01/24 19:19:17 [notice] 1#1: OS: Linux 5.10.0-19-amd64
2023/01/24 19:19:17 [notice] 1#1: getrlimit(RLIMIT_NOFILE): 1048576:1048576
2023/01/24 19:19:17 [notice] 1#1: start worker processes
2023/01/24 19:19:17 [notice] 1#1: start worker process 29
2023/01/24 19:19:17 [notice] 1#1: start worker process 30
2023/01/24 19:20:30 [notice] 1#1: signal 3 (SIGQUIT) received, shutting down
2023/01/24 19:20:30 [notice] 30#30: gracefully shutting down
2023/01/24 19:20:30 [notice] 30#30: exiting
2023/01/24 19:20:30 [notice] 30#30: exit
2023/01/24 19:20:30 [notice] 29#29: gracefully shutting down
2023/01/24 19:20:30 [notice] 29#29: exiting
2023/01/24 19:20:30 [notice] 29#29: exit
2023/01/24 19:20:30 [notice] 1#1: signal 17 (SIGCHLD) received from 30
2023/01/24 19:20:30 [notice] 1#1: worker process 30 exited with code 0
2023/01/24 19:20:30 [notice] 1#1: signal 29 (SIGIO) received
2023/01/24 19:20:30 [notice] 1#1: signal 17 (SIGCHLD) received from 29
2023/01/24 19:20:30 [notice] 1#1: worker process 29 exited with code 0
2023/01/24 19:20:30 [notice] 1#1: exit
2023/01/24 19:21:50 [notice] 1#1: using the "epoll" event method
2023/01/24 19:21:50 [notice] 1#1: nginx/1.23.3
2023/01/24 19:21:50 [notice] 1#1: built by gcc 10.2.1 20210110 (Debian 10.2.1-6) 
2023/01/24 19:21:50 [notice] 1#1: OS: Linux 5.10.0-19-amd64
2023/01/24 19:21:50 [notice] 1#1: getrlimit(RLIMIT_NOFILE): 1048576:1048576
2023/01/24 19:21:50 [notice] 1#1: start worker processes
2023/01/24 19:21:50 [notice] 1#1: start worker process 30
2023/01/24 19:21:50 [notice] 1#1: start worker process 31
2023/01/24 19:22:51 [notice] 1#1: signal 3 (SIGQUIT) received, shutting down
2023/01/24 19:22:51 [notice] 30#30: gracefully shutting down
2023/01/24 19:22:51 [notice] 30#30: exiting
2023/01/24 19:22:51 [notice] 30#30: exit
2023/01/24 19:22:51 [notice] 31#31: gracefully shutting down
2023/01/24 19:22:51 [notice] 31#31: exiting
2023/01/24 19:22:51 [notice] 31#31: exit
2023/01/24 19:22:51 [notice] 1#1: signal 17 (SIGCHLD) received from 30
2023/01/24 19:22:51 [notice] 1#1: worker process 30 exited with code 0
2023/01/24 19:22:51 [notice] 1#1: signal 29 (SIGIO) received
2023/01/24 19:22:51 [notice] 1#1: signal 17 (SIGCHLD) received from 31
2023/01/24 19:22:51 [notice] 1#1: worker process 31 exited with code 0
2023/01/24 19:22:51 [notice] 1#1: exit
2023/01/24 19:27:25 [notice] 1#1: using the "epoll" event method
2023/01/24 19:27:25 [notice] 1#1: nginx/1.23.3
2023/01/24 19:27:25 [notice] 1#1: built by gcc 10.2.1 20210110 (Debian 10.2.1-6) 
2023/01/24 19:27:25 [notice] 1#1: OS: Linux 5.10.0-19-amd64
2023/01/24 19:27:25 [notice] 1#1: getrlimit(RLIMIT_NOFILE): 1048576:1048576
2023/01/24 19:27:25 [notice] 1#1: start worker processes
2023/01/24 19:27:25 [notice] 1#1: start worker process 30
2023/01/24 19:27:25 [notice] 1#1: start worker process 31
2023/01/25 17:38:02 [notice] 1#1: using the "epoll" event method
2023/01/25 17:38:02 [notice] 1#1: nginx/1.23.3
2023/01/25 17:38:02 [notice] 1#1: built by gcc 10.2.1 20210110 (Debian 10.2.1-6) 
2023/01/25 17:38:02 [notice] 1#1: OS: Linux 5.10.0-19-amd64
2023/01/25 17:38:02 [notice] 1#1: getrlimit(RLIMIT_NOFILE): 1048576:1048576
2023/01/25 17:38:02 [notice] 1#1: start worker processes
2023/01/25 17:38:02 [notice] 1#1: start worker process 24
2023/01/25 17:38:02 [notice] 1#1: start worker process 25
2023/01/25 17:40:09 [notice] 1#1: signal 3 (SIGQUIT) received, shutting down
2023/01/25 17:40:09 [notice] 24#24: gracefully shutting down
2023/01/25 17:40:09 [notice] 24#24: exiting
2023/01/25 17:40:09 [notice] 25#25: gracefully shutting down
2023/01/25 17:40:09 [notice] 24#24: exit
2023/01/25 17:40:09 [notice] 25#25: exiting
2023/01/25 17:40:09 [notice] 25#25: exit
2023/01/25 17:40:09 [notice] 1#1: signal 17 (SIGCHLD) received from 25
2023/01/25 17:40:09 [notice] 1#1: worker process 25 exited with code 0
2023/01/25 17:40:09 [notice] 1#1: signal 29 (SIGIO) received
2023/01/25 17:40:09 [notice] 1#1: signal 17 (SIGCHLD) received from 24
2023/01/25 17:40:09 [notice] 1#1: worker process 24 exited with code 0
2023/01/25 17:40:09 [notice] 1#1: exit
2023/01/25 17:41:23 [notice] 1#1: using the "epoll" event method
2023/01/25 17:41:23 [notice] 1#1: nginx/1.23.3
2023/01/25 17:41:23 [notice] 1#1: built by gcc 10.2.1 20210110 (Debian 10.2.1-6) 
2023/01/25 17:41:23 [notice] 1#1: OS: Linux 5.10.0-19-amd64
2023/01/25 17:41:23 [notice] 1#1: getrlimit(RLIMIT_NOFILE): 1048576:1048576
2023/01/25 17:41:23 [notice] 1#1: start worker processes
2023/01/25 17:41:23 [notice] 1#1: start worker process 31
2023/01/25 17:41:23 [notice] 1#1: start worker process 32
2023/01/25 17:53:19 [notice] 1#1: signal 3 (SIGQUIT) received, shutting down
2023/01/25 17:53:19 [notice] 31#31: gracefully shutting down
2023/01/25 17:53:19 [notice] 31#31: exiting
2023/01/25 17:53:19 [notice] 31#31: exit
2023/01/25 17:53:19 [notice] 32#32: gracefully shutting down
2023/01/25 17:53:19 [notice] 32#32: exiting
2023/01/25 17:53:19 [notice] 32#32: exit
2023/01/25 17:53:19 [notice] 1#1: signal 17 (SIGCHLD) received from 32
2023/01/25 17:53:19 [notice] 1#1: worker process 31 exited with code 0
2023/01/25 17:53:19 [notice] 1#1: worker process 32 exited with code 0
2023/01/25 17:53:19 [notice] 1#1: exit
2023/01/25 17:58:37 [notice] 1#1: using the "epoll" event method
2023/01/25 17:58:37 [notice] 1#1: nginx/1.23.3
2023/01/25 17:58:37 [notice] 1#1: built by gcc 10.2.1 20210110 (Debian 10.2.1-6) 
2023/01/25 17:58:37 [notice] 1#1: OS: Linux 5.10.0-19-amd64
2023/01/25 17:58:37 [notice] 1#1: getrlimit(RLIMIT_NOFILE): 1048576:1048576
2023/01/25 17:58:37 [notice] 1#1: start worker processes
2023/01/25 17:58:37 [notice] 1#1: start worker process 29
2023/01/25 17:58:37 [notice] 1#1: start worker process 30
2023/01/25 18:01:08 [notice] 1#1: signal 3 (SIGQUIT) received, shutting down
2023/01/25 18:01:09 [notice] 30#30: gracefully shutting down
2023/01/25 18:01:09 [notice] 30#30: exiting
2023/01/25 18:01:09 [notice] 30#30: exit
2023/01/25 18:01:09 [notice] 29#29: gracefully shutting down
2023/01/25 18:01:09 [notice] 29#29: exiting
2023/01/25 18:01:09 [notice] 29#29: exit
2023/01/25 18:01:09 [notice] 1#1: signal 17 (SIGCHLD) received from 29
2023/01/25 18:01:09 [notice] 1#1: worker process 29 exited with code 0
2023/01/25 18:01:09 [notice] 1#1: signal 29 (SIGIO) received
2023/01/25 18:01:09 [notice] 1#1: signal 17 (SIGCHLD) received from 30
2023/01/25 18:01:09 [notice] 1#1: worker process 30 exited with code 0
2023/01/25 18:01:09 [notice] 1#1: exit
2023/01/25 18:01:23 [notice] 1#1: using the "epoll" event method
2023/01/25 18:01:23 [notice] 1#1: nginx/1.23.3
2023/01/25 18:01:23 [notice] 1#1: built by gcc 10.2.1 20210110 (Debian 10.2.1-6) 
2023/01/25 18:01:23 [notice] 1#1: OS: Linux 5.10.0-19-amd64
2023/01/25 18:01:23 [notice] 1#1: getrlimit(RLIMIT_NOFILE): 1048576:1048576
2023/01/25 18:01:23 [notice] 1#1: start worker processes
2023/01/25 18:01:23 [notice] 1#1: start worker process 30
2023/01/25 18:01:23 [notice] 1#1: start worker process 31
2023/01/25 19:02:31 [notice] 1#1: signal 3 (SIGQUIT) received, shutting down
2023/01/25 19:02:31 [notice] 31#31: gracefully shutting down
2023/01/25 19:02:31 [notice] 31#31: exiting
2023/01/25 19:02:31 [notice] 30#30: gracefully shutting down
2023/01/25 19:02:31 [notice] 31#31: exit
2023/01/25 19:02:31 [notice] 30#30: exiting
2023/01/25 19:02:31 [notice] 30#30: exit
2023/01/25 19:02:31 [notice] 1#1: signal 17 (SIGCHLD) received from 31
2023/01/25 19:02:31 [notice] 1#1: worker process 31 exited with code 0
2023/01/25 19:02:31 [notice] 1#1: signal 29 (SIGIO) received
2023/01/25 19:02:31 [notice] 1#1: signal 17 (SIGCHLD) received from 30
2023/01/25 19:02:31 [notice] 1#1: worker process 30 exited with code 0
2023/01/25 19:02:31 [notice] 1#1: exit
2023/01/25 19:07:44 [notice] 1#1: using the "epoll" event method
2023/01/25 19:07:44 [notice] 1#1: nginx/1.23.3
2023/01/25 19:07:44 [notice] 1#1: built by gcc 10.2.1 20210110 (Debian 10.2.1-6) 
2023/01/25 19:07:44 [notice] 1#1: OS: Linux 5.10.0-19-amd64
2023/01/25 19:07:44 [notice] 1#1: getrlimit(RLIMIT_NOFILE): 1048576:1048576
2023/01/25 19:07:44 [notice] 1#1: start worker processes
2023/01/25 19:07:44 [notice] 1#1: start worker process 29
2023/01/25 19:07:44 [notice] 1#1: start worker process 30
2023/01/25 19:11:41 [error] 29#29: *3 open() "/usr/share/nginx/html/favicon.ico" failed (2: No such file or directory), client: 172.24.0.1, server: localhost, request: "GET /favicon.ico HTTP/1.1", host: "0.0.0.0", referrer: "http://0.0.0.0/"
2023/01/25 19:29:29 [notice] 1#1: signal 3 (SIGQUIT) received, shutting down
2023/01/25 19:29:29 [notice] 30#30: gracefully shutting down
2023/01/25 19:29:29 [notice] 30#30: exiting
2023/01/25 19:29:29 [notice] 30#30: exit
2023/01/25 19:29:29 [notice] 29#29: gracefully shutting down
2023/01/25 19:29:29 [notice] 29#29: exiting
2023/01/25 19:29:29 [notice] 29#29: exit
2023/01/25 19:29:29 [notice] 1#1: signal 17 (SIGCHLD) received from 29
2023/01/25 19:29:29 [notice] 1#1: worker process 29 exited with code 0
2023/01/25 19:29:29 [notice] 1#1: signal 29 (SIGIO) received
2023/01/25 19:29:29 [notice] 1#1: signal 17 (SIGCHLD) received from 30
2023/01/25 19:29:29 [notice] 1#1: worker process 30 exited with code 0
2023/01/25 19:29:29 [notice] 1#1: exit
2023/01/26 15:40:12 [notice] 1#1: using the "epoll" event method
2023/01/26 15:40:12 [notice] 1#1: nginx/1.23.3
2023/01/26 15:40:12 [notice] 1#1: built by gcc 10.2.1 20210110 (Debian 10.2.1-6) 
2023/01/26 15:40:12 [notice] 1#1: OS: Linux 5.10.0-19-amd64
2023/01/26 15:40:12 [notice] 1#1: getrlimit(RLIMIT_NOFILE): 1048576:1048576
2023/01/26 15:40:12 [notice] 1#1: start worker processes
2023/01/26 15:40:12 [notice] 1#1: start worker process 29
2023/01/26 15:40:12 [notice] 1#1: start worker process 30
2023/01/26 16:36:02 [notice] 1#1: signal 3 (SIGQUIT) received, shutting down
2023/01/26 16:36:02 [notice] 30#30: gracefully shutting down
2023/01/26 16:36:02 [notice] 30#30: exiting
2023/01/26 16:36:02 [notice] 29#29: gracefully shutting down
2023/01/26 16:36:02 [notice] 29#29: exiting
2023/01/26 16:36:02 [notice] 30#30: exit
2023/01/26 16:36:02 [notice] 29#29: exit
2023/01/26 16:36:02 [notice] 1#1: signal 17 (SIGCHLD) received from 29
2023/01/26 16:36:02 [notice] 1#1: worker process 29 exited with code 0
2023/01/26 16:36:02 [notice] 1#1: signal 29 (SIGIO) received
2023/01/26 16:36:02 [notice] 1#1: signal 17 (SIGCHLD) received from 30
2023/01/26 16:36:02 [notice] 1#1: worker process 30 exited with code 0
2023/01/26 16:36:02 [notice] 1#1: exit
2023/01/26 16:37:29 [notice] 1#1: using the "epoll" event method
2023/01/26 16:37:29 [notice] 1#1: nginx/1.23.3
2023/01/26 16:37:29 [notice] 1#1: built by gcc 10.2.1 20210110 (Debian 10.2.1-6) 
2023/01/26 16:37:29 [notice] 1#1: OS: Linux 5.10.0-19-amd64
2023/01/26 16:37:29 [notice] 1#1: getrlimit(RLIMIT_NOFILE): 1048576:1048576
2023/01/26 16:37:29 [notice] 1#1: start worker processes
2023/01/26 16:37:29 [notice] 1#1: start worker process 31
2023/01/26 16:37:29 [notice] 1#1: start worker process 32
2023/01/26 17:02:08 [notice] 1#1: signal 3 (SIGQUIT) received, shutting down
2023/01/26 17:02:08 [notice] 31#31: gracefully shutting down
2023/01/26 17:02:08 [notice] 31#31: exiting
2023/01/26 17:02:08 [notice] 31#31: exit
2023/01/26 17:02:08 [notice] 32#32: gracefully shutting down
2023/01/26 17:02:08 [notice] 32#32: exiting
2023/01/26 17:02:08 [notice] 32#32: exit
2023/01/26 17:02:08 [notice] 1#1: signal 17 (SIGCHLD) received from 32
2023/01/26 17:02:08 [notice] 1#1: worker process 31 exited with code 0
2023/01/26 17:02:08 [notice] 1#1: worker process 32 exited with code 0
2023/01/26 17:02:08 [notice] 1#1: exit
2023/01/27 15:50:00 [notice] 1#1: using the "epoll" event method
2023/01/27 15:50:00 [notice] 1#1: nginx/1.23.3
2023/01/27 15:50:00 [notice] 1#1: built by gcc 10.2.1 20210110 (Debian 10.2.1-6) 
2023/01/27 15:50:00 [notice] 1#1: OS: Linux 5.10.0-19-amd64
2023/01/27 15:50:00 [notice] 1#1: getrlimit(RLIMIT_NOFILE): 1048576:1048576
2023/01/27 15:50:00 [notice] 1#1: start worker processes
2023/01/27 15:50:00 [notice] 1#1: start worker process 30
2023/01/27 15:50:00 [notice] 1#1: start worker process 31
2023/01/27 16:31:03 [notice] 1#1: signal 3 (SIGQUIT) received, shutting down
2023/01/27 16:31:03 [notice] 30#30: gracefully shutting down
2023/01/27 16:31:03 [notice] 30#30: exiting
2023/01/27 16:31:03 [notice] 30#30: exit
2023/01/27 16:31:03 [notice] 31#31: gracefully shutting down
2023/01/27 16:31:03 [notice] 31#31: exiting
2023/01/27 16:31:03 [notice] 31#31: exit
2023/01/27 16:31:03 [notice] 1#1: signal 17 (SIGCHLD) received from 30
2023/01/27 16:31:03 [notice] 1#1: worker process 30 exited with code 0
2023/01/27 16:31:03 [notice] 1#1: worker process 31 exited with code 0
2023/01/27 16:31:03 [notice] 1#1: exit
2023/01/27 16:37:18 [notice] 1#1: using the "epoll" event method
2023/01/27 16:37:18 [notice] 1#1: nginx/1.23.3
2023/01/27 16:37:18 [notice] 1#1: built by gcc 10.2.1 20210110 (Debian 10.2.1-6) 
2023/01/27 16:37:18 [notice] 1#1: OS: Linux 5.10.0-19-amd64
2023/01/27 16:37:18 [notice] 1#1: getrlimit(RLIMIT_NOFILE): 1048576:1048576
2023/01/27 16:37:18 [notice] 1#1: start worker processes
2023/01/27 16:37:18 [notice] 1#1: start worker process 30
2023/01/27 16:37:18 [notice] 1#1: start worker process 31
2023/01/27 16:40:09 [error] 30#30: *1 open() "/usr/share/nginx/html/favicon.ico" failed (2: No such file or directory), client: 172.24.0.1, server: localhost, request: "GET /favicon.ico HTTP/1.1", host: "0.0.0.0", referrer: "http://0.0.0.0/"
2023/01/27 16:43:02 [notice] 1#1: signal 3 (SIGQUIT) received, shutting down
2023/01/27 16:43:02 [notice] 31#31: gracefully shutting down
2023/01/27 16:43:02 [notice] 31#31: exiting
2023/01/27 16:43:02 [notice] 31#31: exit
2023/01/27 16:43:02 [notice] 30#30: gracefully shutting down
2023/01/27 16:43:02 [notice] 30#30: exiting
2023/01/27 16:43:02 [notice] 30#30: exit
2023/01/27 16:43:02 [notice] 1#1: signal 17 (SIGCHLD) received from 30
2023/01/27 16:43:02 [notice] 1#1: worker process 30 exited with code 0
2023/01/27 16:43:02 [notice] 1#1: worker process 31 exited with code 0
2023/01/27 16:43:02 [notice] 1#1: exit
2023/01/27 16:48:39 [notice] 1#1: using the "epoll" event method
2023/01/27 16:48:39 [notice] 1#1: nginx/1.23.3
2023/01/27 16:48:39 [notice] 1#1: built by gcc 10.2.1 20210110 (Debian 10.2.1-6) 
2023/01/27 16:48:39 [notice] 1#1: OS: Linux 5.10.0-19-amd64
2023/01/27 16:48:39 [notice] 1#1: getrlimit(RLIMIT_NOFILE): 1048576:1048576
2023/01/27 16:48:39 [notice] 1#1: start worker processes
2023/01/27 16:48:39 [notice] 1#1: start worker process 31
2023/01/27 16:48:39 [notice] 1#1: start worker process 32
2023/01/27 16:57:51 [notice] 1#1: signal 3 (SIGQUIT) received, shutting down
2023/01/27 16:57:51 [notice] 32#32: gracefully shutting down
2023/01/27 16:57:51 [notice] 32#32: exiting
2023/01/27 16:57:51 [notice] 32#32: exit
2023/01/27 16:57:51 [notice] 31#31: gracefully shutting down
2023/01/27 16:57:51 [notice] 31#31: exiting
2023/01/27 16:57:51 [notice] 31#31: exit
2023/01/27 16:57:51 [notice] 1#1: signal 17 (SIGCHLD) received from 31
2023/01/27 16:57:51 [notice] 1#1: worker process 31 exited with code 0
2023/01/27 16:57:51 [notice] 1#1: worker process 32 exited with code 0
2023/01/27 16:57:51 [notice] 1#1: exit
2023/01/27 17:01:38 [notice] 1#1: using the "epoll" event method
2023/01/27 17:01:38 [notice] 1#1: nginx/1.23.3
2023/01/27 17:01:38 [notice] 1#1: built by gcc 10.2.1 20210110 (Debian 10.2.1-6) 
2023/01/27 17:01:38 [notice] 1#1: OS: Linux 5.10.0-19-amd64
2023/01/27 17:01:38 [notice] 1#1: getrlimit(RLIMIT_NOFILE): 1048576:1048576
2023/01/27 17:01:38 [notice] 1#1: start worker processes
2023/01/27 17:01:38 [notice] 1#1: start worker process 29
2023/01/27 17:01:38 [notice] 1#1: start worker process 30
2023/01/27 17:03:09 [notice] 1#1: signal 3 (SIGQUIT) received, shutting down
2023/01/27 17:03:09 [notice] 29#29: gracefully shutting down
2023/01/27 17:03:09 [notice] 29#29: exiting
2023/01/27 17:03:09 [notice] 30#30: gracefully shutting down
2023/01/27 17:03:09 [notice] 30#30: exiting
2023/01/27 17:03:09 [notice] 29#29: exit
2023/01/27 17:03:09 [notice] 30#30: exit
2023/01/27 17:03:09 [notice] 1#1: signal 17 (SIGCHLD) received from 30
2023/01/27 17:03:09 [notice] 1#1: worker process 30 exited with code 0
2023/01/27 17:03:09 [notice] 1#1: signal 29 (SIGIO) received
2023/01/27 17:03:09 [notice] 1#1: signal 17 (SIGCHLD) received from 29
2023/01/27 17:03:09 [notice] 1#1: worker process 29 exited with code 0
2023/01/27 17:03:09 [notice] 1#1: exit
2023/01/27 17:10:22 [notice] 1#1: using the "epoll" event method
2023/01/27 17:10:22 [notice] 1#1: nginx/1.23.3
2023/01/27 17:10:22 [notice] 1#1: built by gcc 10.2.1 20210110 (Debian 10.2.1-6) 
2023/01/27 17:10:22 [notice] 1#1: OS: Linux 5.10.0-19-amd64
2023/01/27 17:10:22 [notice] 1#1: getrlimit(RLIMIT_NOFILE): 1048576:1048576
2023/01/27 17:10:22 [notice] 1#1: start worker processes
2023/01/27 17:10:22 [notice] 1#1: start worker process 30
2023/01/27 17:10:22 [notice] 1#1: start worker process 31
2023/01/27 17:15:11 [notice] 1#1: signal 3 (SIGQUIT) received, shutting down
2023/01/27 17:15:11 [notice] 31#31: gracefully shutting down
2023/01/27 17:15:11 [notice] 30#30: gracefully shutting down
2023/01/27 17:15:11 [notice] 31#31: exiting
2023/01/27 17:15:11 [notice] 30#30: exiting
2023/01/27 17:15:11 [notice] 31#31: exit
2023/01/27 17:15:11 [notice] 30#30: exit
2023/01/27 17:15:11 [notice] 1#1: signal 17 (SIGCHLD) received from 30
2023/01/27 17:15:11 [notice] 1#1: worker process 30 exited with code 0
2023/01/27 17:15:11 [notice] 1#1: worker process 31 exited with code 0
2023/01/27 17:15:11 [notice] 1#1: exit
2023/01/27 17:15:55 [notice] 1#1: using the "epoll" event method
2023/01/27 17:15:55 [notice] 1#1: nginx/1.23.3
2023/01/27 17:15:55 [notice] 1#1: built by gcc 10.2.1 20210110 (Debian 10.2.1-6) 
2023/01/27 17:15:55 [notice] 1#1: OS: Linux 5.10.0-19-amd64
2023/01/27 17:15:55 [notice] 1#1: getrlimit(RLIMIT_NOFILE): 1048576:1048576
2023/01/27 17:15:55 [notice] 1#1: start worker processes
2023/01/27 17:15:55 [notice] 1#1: start worker process 30
2023/01/27 17:15:55 [notice] 1#1: start worker process 31
2023/01/27 17:34:25 [notice] 1#1: signal 3 (SIGQUIT) received, shutting down
2023/01/27 17:34:25 [notice] 31#31: gracefully shutting down
2023/01/27 17:34:25 [notice] 31#31: exiting
2023/01/27 17:34:25 [notice] 30#30: gracefully shutting down
2023/01/27 17:34:25 [notice] 31#31: exit
2023/01/27 17:34:25 [notice] 30#30: exiting
2023/01/27 17:34:25 [notice] 30#30: exit
2023/01/27 17:34:25 [notice] 1#1: signal 17 (SIGCHLD) received from 31
2023/01/27 17:34:25 [notice] 1#1: worker process 30 exited with code 0
2023/01/27 17:34:25 [notice] 1#1: worker process 31 exited with code 0
2023/01/27 17:34:25 [notice] 1#1: exit
2023/01/27 17:35:30 [notice] 1#1: using the "epoll" event method
2023/01/27 17:35:30 [notice] 1#1: nginx/1.23.3
2023/01/27 17:35:30 [notice] 1#1: built by gcc 10.2.1 20210110 (Debian 10.2.1-6) 
2023/01/27 17:35:30 [notice] 1#1: OS: Linux 5.10.0-19-amd64
2023/01/27 17:35:30 [notice] 1#1: getrlimit(RLIMIT_NOFILE): 1048576:1048576
2023/01/27 17:35:30 [notice] 1#1: start worker processes
2023/01/27 17:35:30 [notice] 1#1: start worker process 31
2023/01/27 17:35:30 [notice] 1#1: start worker process 32
2023/01/27 17:41:24 [notice] 1#1: signal 3 (SIGQUIT) received, shutting down
2023/01/27 17:41:24 [notice] 32#32: gracefully shutting down
2023/01/27 17:41:24 [notice] 31#31: gracefully shutting down
2023/01/27 17:41:24 [notice] 31#31: exiting
2023/01/27 17:41:24 [notice] 32#32: exiting
2023/01/27 17:41:24 [notice] 32#32: exit
2023/01/27 17:41:24 [notice] 31#31: exit
2023/01/27 17:41:24 [notice] 1#1: signal 17 (SIGCHLD) received from 31
2023/01/27 17:41:24 [notice] 1#1: worker process 31 exited with code 0
2023/01/27 17:41:24 [notice] 1#1: signal 29 (SIGIO) received
2023/01/27 17:41:24 [notice] 1#1: signal 17 (SIGCHLD) received from 32
2023/01/27 17:41:24 [notice] 1#1: worker process 32 exited with code 0
2023/01/27 17:41:24 [notice] 1#1: exit
2023/01/27 17:42:19 [notice] 1#1: using the "epoll" event method
2023/01/27 17:42:19 [notice] 1#1: nginx/1.23.3
2023/01/27 17:42:19 [notice] 1#1: built by gcc 10.2.1 20210110 (Debian 10.2.1-6) 
2023/01/27 17:42:19 [notice] 1#1: OS: Linux 5.10.0-19-amd64
2023/01/27 17:42:19 [notice] 1#1: getrlimit(RLIMIT_NOFILE): 1048576:1048576
2023/01/27 17:42:19 [notice] 1#1: start worker processes
2023/01/27 17:42:19 [notice] 1#1: start worker process 29
2023/01/27 17:42:19 [notice] 1#1: start worker process 30
2023/01/27 18:00:40 [notice] 1#1: signal 3 (SIGQUIT) received, shutting down
2023/01/27 18:00:40 [notice] 30#30: gracefully shutting down
2023/01/27 18:00:40 [notice] 29#29: gracefully shutting down
2023/01/27 18:00:40 [notice] 30#30: exiting
2023/01/27 18:00:40 [notice] 29#29: exiting
2023/01/27 18:00:40 [notice] 30#30: exit
2023/01/27 18:00:40 [notice] 29#29: exit
2023/01/27 18:00:40 [notice] 1#1: signal 17 (SIGCHLD) received from 29
2023/01/27 18:00:40 [notice] 1#1: worker process 29 exited with code 0
2023/01/27 18:00:40 [notice] 1#1: signal 29 (SIGIO) received
2023/01/27 18:00:40 [notice] 1#1: signal 17 (SIGCHLD) received from 30
2023/01/27 18:00:40 [notice] 1#1: worker process 30 exited with code 0
2023/01/27 18:00:40 [notice] 1#1: exit
2023/01/27 18:01:29 [notice] 1#1: using the "epoll" event method
2023/01/27 18:01:29 [notice] 1#1: nginx/1.23.3
2023/01/27 18:01:29 [notice] 1#1: built by gcc 10.2.1 20210110 (Debian 10.2.1-6) 
2023/01/27 18:01:29 [notice] 1#1: OS: Linux 5.10.0-19-amd64
2023/01/27 18:01:29 [notice] 1#1: getrlimit(RLIMIT_NOFILE): 1048576:1048576
2023/01/27 18:01:29 [notice] 1#1: start worker processes
2023/01/27 18:01:29 [notice] 1#1: start worker process 30
2023/01/27 18:01:29 [notice] 1#1: start worker process 31
2023/01/27 18:06:16 [error] 31#31: *1 open() "/usr/share/nginx/html/favicon.ico" failed (2: No such file or directory), client: 172.24.0.1, server: localhost, request: "GET /favicon.ico HTTP/1.1", host: "0.0.0.0", referrer: "http://0.0.0.0/"
2023/01/27 18:23:10 [notice] 1#1: signal 3 (SIGQUIT) received, shutting down
2023/01/27 18:23:10 [notice] 30#30: gracefully shutting down
2023/01/27 18:23:10 [notice] 30#30: exiting
2023/01/27 18:23:10 [notice] 31#31: gracefully shutting down
2023/01/27 18:23:10 [notice] 31#31: exiting
2023/01/27 18:23:10 [notice] 31#31: exit
2023/01/27 18:23:10 [notice] 30#30: exit
2023/01/27 18:23:10 [notice] 1#1: signal 17 (SIGCHLD) received from 31
2023/01/27 18:23:10 [notice] 1#1: worker process 30 exited with code 0
2023/01/27 18:23:10 [notice] 1#1: worker process 31 exited with code 0
2023/01/27 18:23:10 [notice] 1#1: exit
2023/01/27 18:32:16 [notice] 1#1: using the "epoll" event method
2023/01/27 18:32:16 [notice] 1#1: nginx/1.23.3
2023/01/27 18:32:16 [notice] 1#1: built by gcc 10.2.1 20210110 (Debian 10.2.1-6) 
2023/01/27 18:32:16 [notice] 1#1: OS: Linux 5.10.0-19-amd64
2023/01/27 18:32:16 [notice] 1#1: getrlimit(RLIMIT_NOFILE): 1048576:1048576
2023/01/27 18:32:16 [notice] 1#1: start worker processes
2023/01/27 18:32:16 [notice] 1#1: start worker process 29
2023/01/27 18:32:16 [notice] 1#1: start worker process 30
2023/01/27 18:44:14 [notice] 1#1: signal 3 (SIGQUIT) received, shutting down
2023/01/27 18:44:14 [notice] 30#30: gracefully shutting down
2023/01/27 18:44:14 [notice] 30#30: exiting
2023/01/27 18:44:14 [notice] 30#30: exit
2023/01/27 18:44:14 [notice] 29#29: gracefully shutting down
2023/01/27 18:44:14 [notice] 29#29: exiting
2023/01/27 18:44:14 [notice] 29#29: exit
2023/01/27 18:44:14 [notice] 1#1: signal 17 (SIGCHLD) received from 29
2023/01/27 18:44:14 [notice] 1#1: worker process 29 exited with code 0
2023/01/27 18:44:14 [notice] 1#1: worker process 30 exited with code 0
2023/01/27 18:44:14 [notice] 1#1: exit
2023/01/27 19:29:59 [notice] 1#1: using the "epoll" event method
2023/01/27 19:29:59 [notice] 1#1: nginx/1.23.3
2023/01/27 19:29:59 [notice] 1#1: built by gcc 10.2.1 20210110 (Debian 10.2.1-6) 
2023/01/27 19:29:59 [notice] 1#1: OS: Linux 5.10.0-19-amd64
2023/01/27 19:29:59 [notice] 1#1: getrlimit(RLIMIT_NOFILE): 1048576:1048576
2023/01/27 19:29:59 [notice] 1#1: start worker processes
2023/01/27 19:29:59 [notice] 1#1: start worker process 29
2023/01/27 19:29:59 [notice] 1#1: start worker process 30
2023/01/27 20:47:15 [notice] 1#1: signal 3 (SIGQUIT) received, shutting down
2023/01/27 20:47:15 [notice] 30#30: gracefully shutting down
2023/01/27 20:47:15 [notice] 30#30: exiting
2023/01/27 20:47:15 [notice] 29#29: gracefully shutting down
2023/01/27 20:47:15 [notice] 30#30: exit
2023/01/27 20:47:15 [notice] 29#29: exiting
2023/01/27 20:47:15 [notice] 29#29: exit
2023/01/27 20:47:15 [notice] 1#1: signal 17 (SIGCHLD) received from 29
2023/01/27 20:47:15 [notice] 1#1: worker process 29 exited with code 0
2023/01/27 20:47:15 [notice] 1#1: signal 29 (SIGIO) received
2023/01/27 20:47:15 [notice] 1#1: signal 17 (SIGCHLD) received from 30
2023/01/27 20:47:15 [notice] 1#1: worker process 30 exited with code 0
2023/01/27 20:47:15 [notice] 1#1: exit
2023/01/27 20:50:29 [notice] 1#1: using the "epoll" event method
2023/01/27 20:50:29 [notice] 1#1: nginx/1.23.3
2023/01/27 20:50:29 [notice] 1#1: built by gcc 10.2.1 20210110 (Debian 10.2.1-6) 
2023/01/27 20:50:29 [notice] 1#1: OS: Linux 5.10.0-19-amd64
2023/01/27 20:50:29 [notice] 1#1: getrlimit(RLIMIT_NOFILE): 1048576:1048576
2023/01/27 20:50:29 [notice] 1#1: start worker processes
2023/01/27 20:50:29 [notice] 1#1: start worker process 29
2023/01/27 20:50:29 [notice] 1#1: start worker process 30
2023/01/27 21:03:16 [notice] 1#1: signal 3 (SIGQUIT) received, shutting down
2023/01/27 21:03:16 [notice] 29#29: gracefully shutting down
2023/01/27 21:03:16 [notice] 29#29: exiting
2023/01/27 21:03:16 [notice] 30#30: gracefully shutting down
2023/01/27 21:03:16 [notice] 29#29: exit
2023/01/27 21:03:16 [notice] 30#30: exiting
2023/01/27 21:03:16 [notice] 30#30: exit
2023/01/27 21:03:16 [notice] 1#1: signal 17 (SIGCHLD) received from 29
2023/01/27 21:03:16 [notice] 1#1: worker process 29 exited with code 0
2023/01/27 21:03:16 [notice] 1#1: signal 29 (SIGIO) received
2023/01/27 21:03:16 [notice] 1#1: signal 17 (SIGCHLD) received from 30
2023/01/27 21:03:16 [notice] 1#1: worker process 30 exited with code 0
2023/01/27 21:03:16 [notice] 1#1: exit
2023/01/28 09:59:56 [notice] 1#1: using the "epoll" event method
2023/01/28 09:59:56 [notice] 1#1: nginx/1.23.3
2023/01/28 09:59:56 [notice] 1#1: built by gcc 10.2.1 20210110 (Debian 10.2.1-6) 
2023/01/28 09:59:56 [notice] 1#1: OS: Linux 5.10.0-19-amd64
2023/01/28 09:59:56 [notice] 1#1: getrlimit(RLIMIT_NOFILE): 1048576:1048576
2023/01/28 09:59:56 [notice] 1#1: start worker processes
2023/01/28 09:59:56 [notice] 1#1: start worker process 29
2023/01/28 09:59:56 [notice] 1#1: start worker process 30
2023/01/28 10:28:50 [notice] 1#1: signal 3 (SIGQUIT) received, shutting down
2023/01/28 10:28:50 [notice] 29#29: gracefully shutting down
2023/01/28 10:28:50 [notice] 29#29: exiting
2023/01/28 10:28:50 [notice] 29#29: exit
2023/01/28 10:28:50 [notice] 30#30: gracefully shutting down
2023/01/28 10:28:50 [notice] 30#30: exiting
2023/01/28 10:28:50 [notice] 30#30: exit
2023/01/28 10:28:50 [notice] 1#1: signal 17 (SIGCHLD) received from 29
2023/01/28 10:28:50 [notice] 1#1: worker process 29 exited with code 0
2023/01/28 10:28:50 [notice] 1#1: signal 29 (SIGIO) received
2023/01/28 10:28:50 [notice] 1#1: signal 17 (SIGCHLD) received from 30
2023/01/28 10:28:50 [notice] 1#1: worker process 30 exited with code 0
2023/01/28 10:28:50 [notice] 1#1: exit
2023/01/28 17:58:35 [notice] 1#1: using the "epoll" event method
2023/01/28 17:58:35 [notice] 1#1: nginx/1.23.3
2023/01/28 17:58:35 [notice] 1#1: built by gcc 10.2.1 20210110 (Debian 10.2.1-6) 
2023/01/28 17:58:35 [notice] 1#1: OS: Linux 5.10.0-19-amd64
2023/01/28 17:58:35 [notice] 1#1: getrlimit(RLIMIT_NOFILE): 1048576:1048576
2023/01/28 17:58:35 [notice] 1#1: start worker processes
2023/01/28 17:58:35 [notice] 1#1: start worker process 31
2023/01/28 17:58:35 [notice] 1#1: start worker process 32
2023/01/28 18:12:32 [notice] 1#1: signal 3 (SIGQUIT) received, shutting down
2023/01/28 18:12:32 [notice] 32#32: gracefully shutting down
2023/01/28 18:12:32 [notice] 32#32: exiting
2023/01/28 18:12:32 [notice] 31#31: gracefully shutting down
2023/01/28 18:12:32 [notice] 31#31: exiting
2023/01/28 18:12:32 [notice] 31#31: exit
2023/01/28 18:12:32 [notice] 32#32: exit
2023/01/28 18:12:32 [notice] 1#1: signal 17 (SIGCHLD) received from 32
2023/01/28 18:12:32 [notice] 1#1: worker process 32 exited with code 0
2023/01/28 18:12:32 [notice] 1#1: signal 29 (SIGIO) received
2023/01/28 18:12:32 [notice] 1#1: signal 17 (SIGCHLD) received from 31
2023/01/28 18:12:32 [notice] 1#1: worker process 31 exited with code 0
2023/01/28 18:12:32 [notice] 1#1: exit
2023/01/28 18:16:55 [notice] 1#1: using the "epoll" event method
2023/01/28 18:16:55 [notice] 1#1: nginx/1.23.3
2023/01/28 18:16:55 [notice] 1#1: built by gcc 10.2.1 20210110 (Debian 10.2.1-6) 
2023/01/28 18:16:55 [notice] 1#1: OS: Linux 5.10.0-19-amd64
2023/01/28 18:16:55 [notice] 1#1: getrlimit(RLIMIT_NOFILE): 1048576:1048576
2023/01/28 18:16:55 [notice] 1#1: start worker processes
2023/01/28 18:16:55 [notice] 1#1: start worker process 29
2023/01/28 18:16:55 [notice] 1#1: start worker process 30
2023/01/28 18:48:27 [notice] 1#1: using the "epoll" event method
2023/01/28 18:48:27 [notice] 1#1: nginx/1.23.3
2023/01/28 18:48:27 [notice] 1#1: built by gcc 10.2.1 20210110 (Debian 10.2.1-6) 
2023/01/28 18:48:27 [notice] 1#1: OS: Linux 5.10.0-19-amd64
2023/01/28 18:48:27 [notice] 1#1: getrlimit(RLIMIT_NOFILE): 1048576:1048576
2023/01/28 18:48:27 [notice] 1#1: start worker processes
2023/01/28 18:48:27 [notice] 1#1: start worker process 21
2023/01/28 18:48:27 [notice] 1#1: start worker process 22
2023/01/28 18:54:02 [notice] 1#1: signal 3 (SIGQUIT) received, shutting down
2023/01/28 18:54:02 [notice] 21#21: gracefully shutting down
2023/01/28 18:54:02 [notice] 21#21: exiting
2023/01/28 18:54:02 [notice] 21#21: exit
2023/01/28 18:54:02 [notice] 22#22: gracefully shutting down
2023/01/28 18:54:02 [notice] 22#22: exiting
2023/01/28 18:54:02 [notice] 22#22: exit
2023/01/28 18:54:02 [notice] 1#1: signal 17 (SIGCHLD) received from 21
2023/01/28 18:54:02 [notice] 1#1: worker process 21 exited with code 0
2023/01/28 18:54:02 [notice] 1#1: signal 29 (SIGIO) received
2023/01/28 18:54:02 [notice] 1#1: signal 17 (SIGCHLD) received from 22
2023/01/28 18:54:02 [notice] 1#1: worker process 22 exited with code 0
2023/01/28 18:54:02 [notice] 1#1: exit
2023/01/28 18:55:44 [notice] 1#1: using the "epoll" event method
2023/01/28 18:55:44 [notice] 1#1: nginx/1.23.3
2023/01/28 18:55:44 [notice] 1#1: built by gcc 10.2.1 20210110 (Debian 10.2.1-6) 
2023/01/28 18:55:44 [notice] 1#1: OS: Linux 5.10.0-19-amd64
2023/01/28 18:55:44 [notice] 1#1: getrlimit(RLIMIT_NOFILE): 1048576:1048576
2023/01/28 18:55:44 [notice] 1#1: start worker processes
2023/01/28 18:55:44 [notice] 1#1: start worker process 33
2023/01/28 18:55:44 [notice] 1#1: start worker process 34
2023/01/28 19:07:35 [notice] 1#1: signal 3 (SIGQUIT) received, shutting down
2023/01/28 19:07:36 [notice] 33#33: gracefully shutting down
2023/01/28 19:07:36 [notice] 33#33: exiting
2023/01/28 19:07:36 [notice] 33#33: exit
2023/01/28 19:07:36 [notice] 34#34: gracefully shutting down
2023/01/28 19:07:36 [notice] 34#34: exiting
2023/01/28 19:07:36 [notice] 34#34: exit
2023/01/28 19:07:36 [notice] 1#1: signal 17 (SIGCHLD) received from 34
2023/01/28 19:07:36 [notice] 1#1: worker process 34 exited with code 0
2023/01/28 19:07:36 [notice] 1#1: signal 29 (SIGIO) received
2023/01/28 19:07:36 [notice] 1#1: signal 17 (SIGCHLD) received from 33
2023/01/28 19:07:36 [notice] 1#1: worker process 33 exited with code 0
2023/01/28 19:07:36 [notice] 1#1: exit
2023/01/28 19:07:57 [notice] 1#1: using the "epoll" event method
2023/01/28 19:07:57 [notice] 1#1: nginx/1.23.3
2023/01/28 19:07:57 [notice] 1#1: built by gcc 10.2.1 20210110 (Debian 10.2.1-6) 
2023/01/28 19:07:57 [notice] 1#1: OS: Linux 5.10.0-19-amd64
2023/01/28 19:07:57 [notice] 1#1: getrlimit(RLIMIT_NOFILE): 1048576:1048576
2023/01/28 19:07:57 [notice] 1#1: start worker processes
2023/01/28 19:07:57 [notice] 1#1: start worker process 29
2023/01/28 19:07:57 [notice] 1#1: start worker process 30
2023/01/28 19:19:04 [notice] 1#1: signal 3 (SIGQUIT) received, shutting down
2023/01/28 19:19:04 [notice] 30#30: gracefully shutting down
2023/01/28 19:19:04 [notice] 30#30: exiting
2023/01/28 19:19:04 [notice] 30#30: exit
2023/01/28 19:19:04 [notice] 29#29: gracefully shutting down
2023/01/28 19:19:04 [notice] 29#29: exiting
2023/01/28 19:19:04 [notice] 29#29: exit
2023/01/28 19:19:04 [notice] 1#1: signal 17 (SIGCHLD) received from 29
2023/01/28 19:19:04 [notice] 1#1: worker process 29 exited with code 0
2023/01/28 19:19:04 [notice] 1#1: signal 29 (SIGIO) received
2023/01/28 19:19:04 [notice] 1#1: signal 17 (SIGCHLD) received from 30
2023/01/28 19:19:04 [notice] 1#1: worker process 30 exited with code 0
2023/01/28 19:19:04 [notice] 1#1: exit
